# JRE version: OpenJDK Runtime Environment (8.0_76-b03) (build 1.8.0_76-release-b03)
# Java VM: OpenJDK 64-Bit Server VM (25.76-b03 mixed mode linux-amd64 compressed oops)
Heap:
 PSYoungGen      total 333824K, used 3808K [0x00000000e0000000, 0x00000000f6180000, 0x0000000100000000)
  eden space 308224K, 0% used [0x00000000e0000000,0x00000000e0000000,0x00000000f2d00000)
  from space 25600K, 14% used [0x00000000f4880000,0x00000000f4c38030,0x00000000f6180000)
  to   space 25088K, 0% used [0x00000000f2d00000,0x00000000f2d00000,0x00000000f4580000)
 ParOldGen       total 109056K, used 37733K [0x00000000a0000000, 0x00000000a6a80000, 0x00000000e0000000)
  object space 109056K, 34% used [0x00000000a0000000,0x00000000a24d97d0,0x00000000a6a80000)
 Metaspace       used 66493K, capacity 68944K, committed 69120K, reserved 1110016K
  class space    used 8425K, capacity 8878K, committed 8960K, reserved 1048576K
GC Heap History (10 events):
Event: 156.833 GC heap after
Heap after GC invocations=23 (full 4):
 PSYoungGen      total 284672K, used 3998K [0x00000000e0000000, 0x00000000f5d80000, 0x0000000100000000)
  eden space 259584K, 0% used [0x00000000e0000000,0x00000000e0000000,0x00000000efd80000)
  from space 25088K, 15% used [0x00000000efd80000,0x00000000f01679a8,0x00000000f1600000)
  to   space 24576K, 0% used [0x00000000f4580000,0x00000000f4580000,0x00000000f5d80000)
 ParOldGen       total 109056K, used 35195K [0x00000000a0000000, 0x00000000a6a80000, 0x00000000e0000000)
  object space 109056K, 32% used [0x00000000a0000000,0x00000000a225ed88,0x00000000a6a80000)
 Metaspace       used 64821K, capacity 66644K, committed 66944K, reserved 1107968K
  class space    used 8307K, capacity 8716K, committed 8832K, reserved 1048576K
}
Event: 156.833 GC heap before
{Heap before GC invocations=24 (full 5):
 PSYoungGen      total 284672K, used 3998K [0x00000000e0000000, 0x00000000f5d80000, 0x0000000100000000)
  eden space 259584K, 0% used [0x00000000e0000000,0x00000000e0000000,0x00000000efd80000)
  from space 25088K, 15% used [0x00000000efd80000,0x00000000f01679a8,0x00000000f1600000)
  to   space 24576K, 0% used [0x00000000f4580000,0x00000000f4580000,0x00000000f5d80000)
 ParOldGen       total 109056K, used 35195K [0x00000000a0000000, 0x00000000a6a80000, 0x00000000e0000000)
  object space 109056K, 32% used [0x00000000a0000000,0x00000000a225ed88,0x00000000a6a80000)
 Metaspace       used 64821K, capacity 66644K, committed 66944K, reserved 1107968K
  class space    used 8307K, capacity 8716K, committed 8832K, reserved 1048576K
Event: 157.144 GC heap after
Heap after GC invocations=24 (full 5):
 PSYoungGen      total 284672K, used 0K [0x00000000e0000000, 0x00000000f5d80000, 0x0000000100000000)
  eden space 259584K, 0% used [0x00000000e0000000,0x00000000e0000000,0x00000000efd80000)
  from space 25088K, 0% used [0x00000000efd80000,0x00000000efd80000,0x00000000f1600000)
  to   space 24576K, 0% used [0x00000000f4580000,0x00000000f4580000,0x00000000f5d80000)
 ParOldGen       total 109056K, used 37504K [0x00000000a0000000, 0x00000000a6a80000, 0x00000000e0000000)
  object space 109056K, 34% used [0x00000000a0000000,0x00000000a24a0378,0x00000000a6a80000)
 Metaspace       used 64821K, capacity 66644K, committed 66944K, reserved 1107968K
  class space    used 8307K, capacity 8716K, committed 8832K, reserved 1048576K
}
Event: 1132.989 GC heap before
{Heap before GC invocations=25 (full 5):
 PSYoungGen      total 284672K, used 259109K [0x00000000e0000000, 0x00000000f5d80000, 0x0000000100000000)
  eden space 259584K, 99% used [0x00000000e0000000,0x00000000efd094f0,0x00000000efd80000)
  from space 25088K, 0% used [0x00000000efd80000,0x00000000efd80000,0x00000000f1600000)
  to   space 24576K, 0% used [0x00000000f4580000,0x00000000f4580000,0x00000000f5d80000)
 ParOldGen       total 109056K, used 37504K [0x00000000a0000000, 0x00000000a6a80000, 0x00000000e0000000)
  object space 109056K, 34% used [0x00000000a0000000,0x00000000a24a0378,0x00000000a6a80000)
 Metaspace       used 65632K, capacity 67666K, committed 67712K, reserved 1107968K
  class space    used 8367K, capacity 8793K, committed 8832K, reserved 1048576K
Event: 1133.014 GC heap after
Heap after GC invocations=25 (full 5):
 PSYoungGen      total 332800K, used 15063K [0x00000000e0000000, 0x00000000f6080000, 0x0000000100000000)
  eden space 308224K, 0% used [0x00000000e0000000,0x00000000e0000000,0x00000000f2d00000)
  from space 24576K, 61% used [0x00000000f4580000,0x00000000f5435d90,0x00000000f5d80000)
  to   space 25088K, 0% used [0x00000000f2d00000,0x00000000f2d00000,0x00000000f4580000)
 ParOldGen       total 109056K, used 37512K [0x00000000a0000000, 0x00000000a6a80000, 0x00000000e0000000)
  object space 109056K, 34% used [0x00000000a0000000,0x00000000a24a2378,0x00000000a6a80000)
 Metaspace       used 65632K, capacity 67666K, committed 67712K, reserved 1107968K
  class space    used 8367K, capacity 8793K, committed 8832K, reserved 1048576K
}
Event: 1133.234 GC heap before
{Heap before GC invocations=26 (full 5):
 PSYoungGen      total 332800K, used 48614K [0x00000000e0000000, 0x00000000f6080000, 0x0000000100000000)
  eden space 308224K, 10% used [0x00000000e0000000,0x00000000e20c3ab8,0x00000000f2d00000)
  from space 24576K, 61% used [0x00000000f4580000,0x00000000f5435d90,0x00000000f5d80000)
  to   space 25088K, 0% used [0x00000000f2d00000,0x00000000f2d00000,0x00000000f4580000)
 ParOldGen       total 109056K, used 37512K [0x00000000a0000000, 0x00000000a6a80000, 0x00000000e0000000)
  object space 109056K, 34% used [0x00000000a0000000,0x00000000a24a2378,0x00000000a6a80000)
 Metaspace       used 65675K, capacity 67806K, committed 67968K, reserved 1107968K
  class space    used 8368K, capacity 8795K, committed 8832K, reserved 1048576K
Event: 1133.243 GC heap after
Heap after GC invocations=26 (full 5):
 PSYoungGen      total 333312K, used 183K [0x00000000e0000000, 0x00000000f6180000, 0x0000000100000000)
  eden space 308224K, 0% used [0x00000000e0000000,0x00000000e0000000,0x00000000f2d00000)
  from space 25088K, 0% used [0x00000000f2d00000,0x00000000f2d2de88,0x00000000f4580000)
  to   space 25600K, 0% used [0x00000000f4880000,0x00000000f4880000,0x00000000f6180000)
 ParOldGen       total 109056K, used 42123K [0x00000000a0000000, 0x00000000a6a80000, 0x00000000e0000000)
  object space 109056K, 38% used [0x00000000a0000000,0x00000000a2922c80,0x00000000a6a80000)
 Metaspace       used 65675K, capacity 67806K, committed 67968K, reserved 1107968K
  class space    used 8368K, capacity 8795K, committed 8832K, reserved 1048576K
}
Event: 1133.243 GC heap before
{Heap before GC invocations=27 (full 6):
 PSYoungGen      total 333312K, used 183K [0x00000000e0000000, 0x00000000f6180000, 0x0000000100000000)
  eden space 308224K, 0% used [0x00000000e0000000,0x00000000e0000000,0x00000000f2d00000)
  from space 25088K, 0% used [0x00000000f2d00000,0x00000000f2d2de88,0x00000000f4580000)
  to   space 25600K, 0% used [0x00000000f4880000,0x00000000f4880000,0x00000000f6180000)
 ParOldGen       total 109056K, used 42123K [0x00000000a0000000, 0x00000000a6a80000, 0x00000000e0000000)
  object space 109056K, 38% used [0x00000000a0000000,0x00000000a2922c80,0x00000000a6a80000)
 Metaspace       used 65675K, capacity 67806K, committed 67968K, reserved 1107968K
  class space    used 8368K, capacity 8795K, committed 8832K, reserved 1048576K
Event: 1133.544 GC heap after
Heap after GC invocations=27 (full 6):
 PSYoungGen      total 333312K, used 0K [0x00000000e0000000, 0x00000000f6180000, 0x0000000100000000)
  eden space 308224K, 0% used [0x00000000e0000000,0x00000000e0000000,0x00000000f2d00000)
  from space 25088K, 0% used [0x00000000f2d00000,0x00000000f2d00000,0x00000000f4580000)
  to   space 25600K, 0% used [0x00000000f4880000,0x00000000f4880000,0x00000000f6180000)
 ParOldGen       total 109056K, used 37725K [0x00000000a0000000, 0x00000000a6a80000, 0x00000000e0000000)
  object space 109056K, 34% used [0x00000000a0000000,0x00000000a24d77d0,0x00000000a6a80000)
 Metaspace       used 65675K, capacity 67806K, committed 67968K, reserved 1107968K
  class space    used 8368K, capacity 8795K, committed 8832K, reserved 1048576K
}
Event: 2107.454 GC heap before
{Heap before GC invocations=28 (full 6):
 PSYoungGen      total 333312K, used 308224K [0x00000000e0000000, 0x00000000f6180000, 0x0000000100000000)
  eden space 308224K, 100% used [0x00000000e0000000,0x00000000f2d00000,0x00000000f2d00000)
  from space 25088K, 0% used [0x00000000f2d00000,0x00000000f2d00000,0x00000000f4580000)
  to   space 25600K, 0% used [0x00000000f4880000,0x00000000f4880000,0x00000000f6180000)
 ParOldGen       total 109056K, used 37725K [0x00000000a0000000, 0x00000000a6a80000, 0x00000000e0000000)
  object space 109056K, 34% used [0x00000000a0000000,0x00000000a24d77d0,0x00000000a6a80000)
 Metaspace       used 66493K, capacity 68944K, committed 69120K, reserved 1110016K
  class space    used 8425K, capacity 8878K, committed 8960K, reserved 1048576K

